<?xml version="1.0" encoding="UTF-8"?>
<testsuite xmlns:xsi="http://www.w3.org/2001/XMLSchema-instance" xsi:noNamespaceSchemaLocation="https://maven.apache.org/surefire/maven-surefire-plugin/xsd/surefire-test-report.xsd" name="Test.PruebaLibro" time="2.14" tests="12" errors="0" skipped="0" failures="5">
  <properties>
    <property name="sun.desktop" value="windows"/>
    <property name="awt.toolkit" value="sun.awt.windows.WToolkit"/>
    <property name="java.specification.version" value="11"/>
    <property name="sun.cpu.isalist" value="amd64"/>
    <property name="sun.jnu.encoding" value="Cp1252"/>
    <property name="java.class.path" value="F:\CURSO19-20\CICLO\ENTORNOS DESARROLLO\UNIDAD 3\Tarea Online2\Ejercicio4\Ejercicio4\target\test-classes;F:\CURSO19-20\CICLO\ENTORNOS DESARROLLO\UNIDAD 3\Tarea Online2\Ejercicio4\Ejercicio4\target\classes;C:\Users\pc-casa\.m2\repository\org\junit\jupiter\junit-jupiter-api\5.3.1\junit-jupiter-api-5.3.1.jar;C:\Users\pc-casa\.m2\repository\org\apiguardian\apiguardian-api\1.0.0\apiguardian-api-1.0.0.jar;C:\Users\pc-casa\.m2\repository\org\opentest4j\opentest4j\1.1.1\opentest4j-1.1.1.jar;C:\Users\pc-casa\.m2\repository\org\junit\platform\junit-platform-commons\1.3.1\junit-platform-commons-1.3.1.jar;C:\Users\pc-casa\.m2\repository\org\junit\jupiter\junit-jupiter-params\5.4.2\junit-jupiter-params-5.4.2.jar;C:\Users\pc-casa\.m2\repository\org\junit\jupiter\junit-jupiter-engine\5.3.1\junit-jupiter-engine-5.3.1.jar;C:\Users\pc-casa\.m2\repository\org\junit\platform\junit-platform-engine\1.3.1\junit-platform-engine-1.3.1.jar;"/>
    <property name="java.vm.vendor" value="Oracle Corporation"/>
    <property name="sun.arch.data.model" value="64"/>
    <property name="user.variant" value=""/>
    <property name="java.vendor.url" value="http://java.oracle.com/"/>
    <property name="user.timezone" value="Europe/Paris"/>
    <property name="java.vm.specification.version" value="11"/>
    <property name="os.name" value="Windows 10"/>
    <property name="user.country" value="ES"/>
    <property name="sun.java.launcher" value="SUN_STANDARD"/>
    <property name="sun.boot.library.path" value="C:\Program Files\Java\jdk-11.0.4\bin"/>
    <property name="sun.java.command" value="C:\Users\pc-casa\AppData\Local\Temp\surefire15187851431125020933\surefirebooter4143103968633557625.jar C:\Users\pc-casa\AppData\Local\Temp\surefire15187851431125020933 2020-01-30T14-28-37_374-jvmRun1 surefire3098223021588932424tmp surefire_016748031314310828462tmp"/>
    <property name="jdk.debug" value="release"/>
    <property name="test" value="Test.PruebaLibro"/>
    <property name="surefire.test.class.path" value="F:\CURSO19-20\CICLO\ENTORNOS DESARROLLO\UNIDAD 3\Tarea Online2\Ejercicio4\Ejercicio4\target\test-classes;F:\CURSO19-20\CICLO\ENTORNOS DESARROLLO\UNIDAD 3\Tarea Online2\Ejercicio4\Ejercicio4\target\classes;C:\Users\pc-casa\.m2\repository\org\junit\jupiter\junit-jupiter-api\5.3.1\junit-jupiter-api-5.3.1.jar;C:\Users\pc-casa\.m2\repository\org\apiguardian\apiguardian-api\1.0.0\apiguardian-api-1.0.0.jar;C:\Users\pc-casa\.m2\repository\org\opentest4j\opentest4j\1.1.1\opentest4j-1.1.1.jar;C:\Users\pc-casa\.m2\repository\org\junit\platform\junit-platform-commons\1.3.1\junit-platform-commons-1.3.1.jar;C:\Users\pc-casa\.m2\repository\org\junit\jupiter\junit-jupiter-params\5.4.2\junit-jupiter-params-5.4.2.jar;C:\Users\pc-casa\.m2\repository\org\junit\jupiter\junit-jupiter-engine\5.3.1\junit-jupiter-engine-5.3.1.jar;C:\Users\pc-casa\.m2\repository\org\junit\platform\junit-platform-engine\1.3.1\junit-platform-engine-1.3.1.jar;"/>
    <property name="sun.cpu.endian" value="little"/>
    <property name="user.home" value="C:\Users\pc-casa"/>
    <property name="user.language" value="es"/>
    <property name="java.specification.vendor" value="Oracle Corporation"/>
    <property name="java.version.date" value="2019-07-16"/>
    <property name="java.home" value="C:\Program Files\Java\jdk-11.0.4"/>
    <property name="file.separator" value="\"/>
    <property name="basedir" value="F:\CURSO19-20\CICLO\ENTORNOS DESARROLLO\UNIDAD 3\Tarea Online2\Ejercicio4\Ejercicio4"/>
    <property name="java.vm.compressedOopsMode" value="32-bit"/>
    <property name="line.separator" value="&#10;"/>
    <property name="java.specification.name" value="Java Platform API Specification"/>
    <property name="java.vm.specification.vendor" value="Oracle Corporation"/>
    <property name="java.awt.graphicsenv" value="sun.awt.Win32GraphicsEnvironment"/>
    <property name="surefire.real.class.path" value="C:\Users\pc-casa\AppData\Local\Temp\surefire15187851431125020933\surefirebooter4143103968633557625.jar"/>
    <property name="user.script" value=""/>
    <property name="sun.management.compiler" value="HotSpot 64-Bit Tiered Compilers"/>
    <property name="java.runtime.version" value="11.0.4+10-LTS"/>
    <property name="user.name" value="pc-casa"/>
    <property name="path.separator" value=";"/>
    <property name="os.version" value="10.0"/>
    <property name="java.runtime.name" value="Java(TM) SE Runtime Environment"/>
    <property name="file.encoding" value="UTF-8"/>
    <property name="java.vm.name" value="Java HotSpot(TM) 64-Bit Server VM"/>
    <property name="java.vendor.version" value="18.9"/>
    <property name="maven.ext.class.path" value="C:\incubating-netbeans-11.0-bin\netbeans\java\maven-nblib\netbeans-eventspy.jar"/>
    <property name="localRepository" value="C:\Users\pc-casa\.m2\repository"/>
    <property name="java.vendor.url.bug" value="http://bugreport.java.com/bugreport/"/>
    <property name="java.io.tmpdir" value="C:\Users\pc-casa\AppData\Local\Temp\"/>
    <property name="java.version" value="11.0.4"/>
    <property name="user.dir" value="F:\CURSO19-20\CICLO\ENTORNOS DESARROLLO\UNIDAD 3\Tarea Online2\Ejercicio4\Ejercicio4"/>
    <property name="os.arch" value="amd64"/>
    <property name="java.vm.specification.name" value="Java Virtual Machine Specification"/>
    <property name="java.awt.printerjob" value="sun.awt.windows.WPrinterJob"/>
    <property name="sun.os.patch.level" value=""/>
    <property name="java.library.path" value="C:\Program Files\Java\jdk-11.0.4\bin;C:\WINDOWS\Sun\Java\bin;C:\WINDOWS\system32;C:\WINDOWS;C:\Program Files (x86)\Common Files\Oracle\Java\javapath;C:\oraclexe\app\oracle\product\11.2.0\server\bin;C:\Python36\;C:\Python36\Scripts\;C:\ProgramData\Oracle\Java\javapath;C:\WINDOWS\system32;C:\WINDOWS;C:\WINDOWS\System32\Wbem;C:\WINDOWS\System32\WindowsPowerShell\v1.0\;C:\Program Files (x86)\Brackets\command;C:\Program Files\AutoFirma\AutoFirma;C:\WINDOWS\System32\OpenSSH\;C:\Program Files\Git\cmd;C:\Program Files\nodejs\;C:\Users\pc-casa\AppData\Local\Microsoft\WindowsApps;C:\Program Files\Java\jdk-11.0.4\bin;C:\Program Files\MySQL\MySQL Shell 8.0\bin\;;C:\Users\pc-casa\AppData\Local\Programs\Microsoft VS Code\bin;C:\Users\pc-casa\AppData\Roaming\npm;."/>
    <property name="java.vendor" value="Oracle Corporation"/>
    <property name="java.vm.info" value="mixed mode"/>
    <property name="java.vm.version" value="11.0.4+10-LTS"/>
    <property name="sun.io.unicode.encoding" value="UnicodeLittle"/>
    <property name="java.class.version" value="55.0"/>
  </properties>
  <testcase name="compruebaEditorial" classname="Test.PruebaLibro" time="0"/>
  <testcase name="compruebaAutor" classname="Test.PruebaLibro" time="0"/>
  <testcase name="cuentaIguales{int}[1]" classname="Test.PruebaLibro" time="0.031">
    <failure message="expected: &lt;2&gt; but was: &lt;1&gt;" type="org.opentest4j.AssertionFailedError"><![CDATA[org.opentest4j.AssertionFailedError: expected: <2> but was: <1>
	at Test.PruebaLibro.cuentaIguales(PruebaLibro.java:136)
]]></failure>
    <system-out><![CDATA[Prueba Parametrizada
Despues de cada uno lo muestro
]]></system-out>
  </testcase>
  <testcase name="cuentaIguales{int}[2]" classname="Test.PruebaLibro" time="0"/>
  <testcase name="cuentaIguales{int}[3]" classname="Test.PruebaLibro" time="0.016">
    <failure message="expected: &lt;2&gt; but was: &lt;3&gt;" type="org.opentest4j.AssertionFailedError"><![CDATA[org.opentest4j.AssertionFailedError: expected: <2> but was: <3>
	at Test.PruebaLibro.cuentaIguales(PruebaLibro.java:136)
]]></failure>
    <system-out><![CDATA[Prueba Parametrizada
Despues de cada uno lo muestro
]]></system-out>
  </testcase>
  <testcase name="cuentaIguales{int}[4]" classname="Test.PruebaLibro" time="0">
    <failure message="expected: &lt;2&gt; but was: &lt;4&gt;" type="org.opentest4j.AssertionFailedError"><![CDATA[org.opentest4j.AssertionFailedError: expected: <2> but was: <4>
	at Test.PruebaLibro.cuentaIguales(PruebaLibro.java:136)
]]></failure>
    <system-out><![CDATA[Prueba Parametrizada
Despues de cada uno lo muestro
]]></system-out>
  </testcase>
  <testcase name="cuentaIguales{int}[5]" classname="Test.PruebaLibro" time="0">
    <failure message="expected: &lt;2&gt; but was: &lt;5&gt;" type="org.opentest4j.AssertionFailedError"><![CDATA[org.opentest4j.AssertionFailedError: expected: <2> but was: <5>
	at Test.PruebaLibro.cuentaIguales(PruebaLibro.java:136)
]]></failure>
    <system-out><![CDATA[Prueba Parametrizada
Despues de cada uno lo muestro
]]></system-out>
  </testcase>
  <testcase name="testAlgoritmoOptimo" classname="Test.PruebaLibro" time="2.015"/>
  <testcase name="compruebaPrecios" classname="Test.PruebaLibro" time="0"/>
  <testcase name="compruebaMostrarLibro" classname="Test.PruebaLibro" time="0.032"/>
  <testcase name="precioNulo" classname="Test.PruebaLibro" time="0">
    <failure message="Los libros no son gratuitos. ==&gt; Expected java.lang.ArithmeticException to be thrown, but nothing was thrown." type="org.opentest4j.AssertionFailedError">org.opentest4j.AssertionFailedError: Los libros no son gratuitos. ==> Expected java.lang.ArithmeticException to be thrown, but nothing was thrown.
	at Test.PruebaLibro.precioNulo(PruebaLibro.java:117)
</failure>
    <system-out><![CDATA[Despues de cada uno lo muestro
]]></system-out>
  </testcase>
  <testcase name="compruebaTitulo" classname="Test.PruebaLibro" time="0"/>
</testsuite>