<?xml version="1.0" encoding="UTF-8"?>
<testsuite xmlns:xsi="http://www.w3.org/2001/XMLSchema-instance" xsi:noNamespaceSchemaLocation="https://maven.apache.org/surefire/maven-surefire-plugin/xsd/surefire-test-report.xsd" name="Test.PruebaLibro" time="2.14" tests="12" errors="0" skipped="0" failures="5">
  <properties>
[...]
</properties>
  <testcase name="compruebaEditorial" classname="Test.PruebaLibro" time="0"/>
  <testcase name="compruebaAutor" classname="Test.PruebaLibro" time="0"/>
  <testcase name="cuentaIguales{int}[1]" classname="Test.PruebaLibro" time="0.031">
    <failure message="expected: &lt;2&gt; but was: &lt;1&gt;" type="org.opentest4j.AssertionFailedError"><![CDATA[org.opentest4j.AssertionFailedError: expected: <2> but was: <1>
	at Test.PruebaLibro.cuentaIguales(PruebaLibro.java:136)
]]></failure>
    <system-out><![CDATA[Prueba Parametrizada
Despues de cada uno lo muestro
]]></system-out>
  </testcase>
  <testcase name="cuentaIguales{int}[2]" classname="Test.PruebaLibro" time="0"/>
  <testcase name="cuentaIguales{int}[3]" classname="Test.PruebaLibro" time="0.016">
    <failure message="expected: &lt;2&gt; but was: &lt;3&gt;" type="org.opentest4j.AssertionFailedError"><![CDATA[org.opentest4j.AssertionFailedError: expected: <2> but was: <3>
	at Test.PruebaLibro.cuentaIguales(PruebaLibro.java:136)
]]></failure>
    <system-out><![CDATA[Prueba Parametrizada
Despues de cada uno lo muestro
]]></system-out>
  </testcase>
  <testcase name="cuentaIguales{int}[4]" classname="Test.PruebaLibro" time="0">
    <failure message="expected: &lt;2&gt; but was: &lt;4&gt;" type="org.opentest4j.AssertionFailedError"><![CDATA[org.opentest4j.AssertionFailedError: expected: <2> but was: <4>
	at Test.PruebaLibro.cuentaIguales(PruebaLibro.java:136)
]]></failure>
    <system-out><![CDATA[Prueba Parametrizada
Despues de cada uno lo muestro
]]></system-out>
  </testcase>
  <testcase name="cuentaIguales{int}[5]" classname="Test.PruebaLibro" time="0">
    <failure message="expected: &lt;2&gt; but was: &lt;5&gt;" type="org.opentest4j.AssertionFailedError"><![CDATA[org.opentest4j.AssertionFailedError: expected: <2> but was: <5>
	at Test.PruebaLibro.cuentaIguales(PruebaLibro.java:136)
]]></failure>
    <system-out><![CDATA[Prueba Parametrizada
Despues de cada uno lo muestro
]]></system-out>
  </testcase>
  <testcase name="testAlgoritmoOptimo" classname="Test.PruebaLibro" time="2.015"/>
  <testcase name="compruebaPrecios" classname="Test.PruebaLibro" time="0"/>
  <testcase name="compruebaMostrarLibro" classname="Test.PruebaLibro" time="0.032"/>
  <testcase name="precioNulo" classname="Test.PruebaLibro" time="0">
    <failure message="Los libros no son gratuitos. ==&gt; Expected java.lang.ArithmeticException to be thrown, but nothing was thrown." type="org.opentest4j.AssertionFailedError">org.opentest4j.AssertionFailedError: Los libros no son gratuitos. ==> Expected java.lang.ArithmeticException to be thrown, but nothing was thrown.
	at Test.PruebaLibro.precioNulo(PruebaLibro.java:117)
</failure>
    <system-out><![CDATA[Despues de cada uno lo muestro
]]></system-out>
  </testcase>
  <testcase name="compruebaTitulo" classname="Test.PruebaLibro" time="0"/>
</testsuite>